This is pdfTeX, Version 3.14159265-2.6-1.40.21 (TeX Live 2020/Debian) (preloaded format=latex 2021.4.16)  6 OCT 2021 14:42
entering extended mode
 restricted \write18 enabled.
 %&-line parsing enabled.
**\makeatletter\def\HCode{\futurelet\HCode\HChar}\def\HChar{\ifx"\HCode\def\HCo
de"##1"{\Link##1}\expandafter\HCode\else\expandafter\Link\fi}\def\Link#1.a.b.c.
{\g@addto@macro\@documentclasshook{\RequirePackage[#1,html]{tex4ht}}\let\HCode\
documentstyle\def\documentstyle{\let\documentstyle\HCode\expandafter\def\csname
 tex4ht\endcsname{#1,html}\def\HCode####1{\documentstyle[tex4ht,}\@ifnextchar[{
\HCode}{\documentstyle[tex4ht]}}}\makeatother\HCode xhtml,charset=utf-8,pmathml
.a.b.c.\input  youfile.tex
(/usr/share/texlive/texmf-dist/tex/latex/tools/q.tex
! Interruption.
l.2 
    %% This is file `q.tex',
? 
! Emergency stop.
l.2 
    %% This is file `q.tex',
End of file on the terminal!

 
Here is how much of TeX's memory you used:
 21 strings out of 480907
 522 string characters out of 5910798
 242472 words of memory out of 5000000
 15717 multiletter control sequences out of 15000+600000
 535088 words of font info for 29 fonts, out of 8000000 for 9000
 1141 hyphenation exceptions out of 8191
 11i,0n,15p,529b,8s stack positions out of 5000i,500n,10000p,200000b,80000s
No pages of output.
